Performing C++ SOURCE FILE Test CMAKE_HAVE_LIBC_PTHREAD failed with the following output:
Change Dir: /home/fangzhouai/MultiShardFusedOperation/build/CMakeFiles/CMakeTmp

Run Build Command(s):/usr/bin/make -f Makefile cmTC_6688d/fast && /usr/bin/make  -f CMakeFiles/cmTC_6688d.dir/build.make CMakeFiles/cmTC_6688d.dir/build
make[1]: Entering directory '/home/fangzhouai/MultiShardFusedOperation/build/CMakeFiles/CMakeTmp'
Building CXX object CMakeFiles/cmTC_6688d.dir/src.cxx.o
/usr/bin/c++ -DCMAKE_HAVE_LIBC_PTHREAD   -o CMakeFiles/cmTC_6688d.dir/src.cxx.o -c /home/fangzhouai/MultiShardFusedOperation/build/CMakeFiles/CMakeTmp/src.cxx
Linking CXX executable cmTC_6688d
/home/fangzhouai/cmake-3.24.1-linux-x86_64/bin/cmake -E cmake_link_script CMakeFiles/cmTC_6688d.dir/link.txt --verbose=1
/usr/bin/c++ CMakeFiles/cmTC_6688d.dir/src.cxx.o -o cmTC_6688d 
/usr/bin/ld: CMakeFiles/cmTC_6688d.dir/src.cxx.o: in function `main':
src.cxx:(.text+0x46): undefined reference to `pthread_create'
/usr/bin/ld: src.cxx:(.text+0x52): undefined reference to `pthread_detach'
/usr/bin/ld: src.cxx:(.text+0x5e): undefined reference to `pthread_cancel'
/usr/bin/ld: src.cxx:(.text+0x6f): undefined reference to `pthread_join'
collect2: error: ld returned 1 exit status
make[1]: *** [CMakeFiles/cmTC_6688d.dir/build.make:99: cmTC_6688d] Error 1
make[1]: Leaving directory '/home/fangzhouai/MultiShardFusedOperation/build/CMakeFiles/CMakeTmp'
make: *** [Makefile:127: cmTC_6688d/fast] Error 2


Source file was:
#include <pthread.h>

static void* test_func(void* data)
{
  return data;
}

int main(void)
{
  pthread_t thread;
  pthread_create(&thread, NULL, test_func, NULL);
  pthread_detach(thread);
  pthread_cancel(thread);
  pthread_join(thread, NULL);
  pthread_atfork(NULL, NULL, NULL);
  pthread_exit(NULL);

  return 0;
}

Determining if the function pthread_create exists in the pthreads failed with the following output:
Change Dir: /home/fangzhouai/MultiShardFusedOperation/build/CMakeFiles/CMakeTmp

Run Build Command(s):/usr/bin/make -f Makefile cmTC_9f9f6/fast && /usr/bin/make  -f CMakeFiles/cmTC_9f9f6.dir/build.make CMakeFiles/cmTC_9f9f6.dir/build
make[1]: Entering directory '/home/fangzhouai/MultiShardFusedOperation/build/CMakeFiles/CMakeTmp'
Building CXX object CMakeFiles/cmTC_9f9f6.dir/CheckFunctionExists.cxx.o
/usr/bin/c++   -DCHECK_FUNCTION_EXISTS=pthread_create -o CMakeFiles/cmTC_9f9f6.dir/CheckFunctionExists.cxx.o -c /home/fangzhouai/MultiShardFusedOperation/build/CMakeFiles/CheckLibraryExists/CheckFunctionExists.cxx
Linking CXX executable cmTC_9f9f6
/home/fangzhouai/cmake-3.24.1-linux-x86_64/bin/cmake -E cmake_link_script CMakeFiles/cmTC_9f9f6.dir/link.txt --verbose=1
/usr/bin/c++  -DCHECK_FUNCTION_EXISTS=pthread_create CMakeFiles/cmTC_9f9f6.dir/CheckFunctionExists.cxx.o -o cmTC_9f9f6  -lpthreads 
/usr/bin/ld: cannot find -lpthreads
collect2: error: ld returned 1 exit status
make[1]: *** [CMakeFiles/cmTC_9f9f6.dir/build.make:99: cmTC_9f9f6] Error 1
make[1]: Leaving directory '/home/fangzhouai/MultiShardFusedOperation/build/CMakeFiles/CMakeTmp'
make: *** [Makefile:127: cmTC_9f9f6/fast] Error 2



